<?xml version="1.0" encoding="UTF-8"?>
<!-- Generated by org.testng.reporters.JUnitXMLReporter -->
<testsuite ignored="0" hostname="Home" failures="0" tests="4" name="Test" time="0.186" errors="0" timestamp="2020-07-22T08:46:08 IST">
  <testcase classname="qaclickacademy.AppiumTest" name="browserautomation" time="0.027"/>
  <testcase classname="qaclickacademy.AppiumTest" name="browserautomation1" time="0.008"/>
  <testcase classname="qaclickacademy.SeleniumTest" name="browserautomation" time="0.004"/>
  <testcase classname="qaclickacademy.SeleniumTest" name="browserautomation1" time="0.004"/>
</testsuite> <!-- Test -->
