<?xml version="1.0" encoding="UTF-8"?>
<!-- Generated by org.testng.reporters.JUnitXMLReporter -->
<testsuite hostname="Home" failures="0" tests="4" name="Test" time="0.078" errors="0" timestamp="22 Jul 2020 03:41:56 GMT">
  <testcase classname="qaclickacademy.AppiumTest" name="browserautomation" time="0.029"/>
  <testcase classname="qaclickacademy.AppiumTest" name="browserautomation1" time="0.001"/>
  <testcase classname="qaclickacademy.SeleniumTest" name="browserautomation" time="0.001"/>
  <testcase classname="qaclickacademy.SeleniumTest" name="browserautomation1" time="0.001"/>
</testsuite> <!-- Test -->
