<?xml version="1.0" encoding="UTF-8"?>
<testng-results total="4" passed="4" failed="0" skipped="0">
  <reporter-output>
  </reporter-output>
  <suite started-at="2020-07-22T03:41:56Z" name="Suite" finished-at="2020-07-22T03:41:56Z" duration-ms="78">
    <groups>
    </groups>
    <test started-at="2020-07-22T03:41:56Z" name="Test" finished-at="2020-07-22T03:41:56Z" duration-ms="78">
      <class name="qaclickacademy.AppiumTest">
        <test-method signature="browserautomation()[pri:0, instance:qaclickacademy.AppiumTest@2e8c1c9b]" started-at="2020-07-22T09:11:56Z" name="browserautomation" finished-at="2020-07-22T09:11:56Z" duration-ms="29" status="PASS">
          <reporter-output>
          </reporter-output>
        </test-method> <!-- browserautomation -->
        <test-method signature="browserautomation1()[pri:0, instance:qaclickacademy.AppiumTest@2e8c1c9b]" started-at="2020-07-22T09:11:56Z" name="browserautomation1" finished-at="2020-07-22T09:11:56Z" duration-ms="1" status="PASS">
          <reporter-output>
          </reporter-output>
        </test-method> <!-- browserautomation1 -->
      </class> <!-- qaclickacademy.AppiumTest -->
      <class name="qaclickacademy.SeleniumTest">
        <test-method signature="browserautomation()[pri:0, instance:qaclickacademy.SeleniumTest@2cf3d63b]" started-at="2020-07-22T09:11:56Z" name="browserautomation" finished-at="2020-07-22T09:11:56Z" duration-ms="1" status="PASS">
          <reporter-output>
          </reporter-output>
        </test-method> <!-- browserautomation -->
        <test-method signature="browserautomation1()[pri:0, instance:qaclickacademy.SeleniumTest@2cf3d63b]" started-at="2020-07-22T09:11:56Z" name="browserautomation1" finished-at="2020-07-22T09:11:56Z" duration-ms="1" status="PASS">
          <reporter-output>
          </reporter-output>
        </test-method> <!-- browserautomation1 -->
      </class> <!-- qaclickacademy.SeleniumTest -->
    </test> <!-- Test -->
  </suite> <!-- Suite -->
</testng-results>
