<?xml version="1.0" encoding="UTF-8"?>
<testng-results ignored="0" total="4" passed="4" failed="0" skipped="0">
  <reporter-output>
  </reporter-output>
  <suite started-at="2020-07-22T08:46:07 IST" name="Suite" finished-at="2020-07-22T08:46:07 IST" duration-ms="186">
    <groups>
    </groups>
    <test started-at="2020-07-22T08:46:07 IST" name="Test" finished-at="2020-07-22T08:46:07 IST" duration-ms="186">
      <class name="qaclickacademy.AppiumTest">
        <test-method signature="browserautomation()[pri:0, instance:qaclickacademy.AppiumTest@35047d03]" started-at="2020-07-22T08:46:07 IST" name="browserautomation" finished-at="2020-07-22T08:46:07 IST" duration-ms="27" status="PASS">
          <reporter-output>
          </reporter-output>
        </test-method> <!-- browserautomation -->
        <test-method signature="browserautomation1()[pri:0, instance:qaclickacademy.AppiumTest@35047d03]" started-at="2020-07-22T08:46:07 IST" name="browserautomation1" finished-at="2020-07-22T08:46:07 IST" duration-ms="8" status="PASS">
          <reporter-output>
          </reporter-output>
        </test-method> <!-- browserautomation1 -->
      </class> <!-- qaclickacademy.AppiumTest -->
      <class name="qaclickacademy.SeleniumTest">
        <test-method signature="browserautomation()[pri:0, instance:qaclickacademy.SeleniumTest@49b0b76]" started-at="2020-07-22T08:46:07 IST" name="browserautomation" finished-at="2020-07-22T08:46:07 IST" duration-ms="4" status="PASS">
          <reporter-output>
          </reporter-output>
        </test-method> <!-- browserautomation -->
        <test-method signature="browserautomation1()[pri:0, instance:qaclickacademy.SeleniumTest@49b0b76]" started-at="2020-07-22T08:46:07 IST" name="browserautomation1" finished-at="2020-07-22T08:46:07 IST" duration-ms="4" status="PASS">
          <reporter-output>
          </reporter-output>
        </test-method> <!-- browserautomation1 -->
      </class> <!-- qaclickacademy.SeleniumTest -->
    </test> <!-- Test -->
  </suite> <!-- Suite -->
</testng-results>
